Using pre-set license

 COMMAND LINE ARGUMENTS:
/Applications/Unity/Hub/Editor/2020.3.12f1/Unity.app/Contents/MacOS/Unity
-adb2
-batchMode
-noUpm
-name
AssetImportWorker0
-projectPath
/Users/albertofernandez/Unity/01-Primer/Primer
-logFile
Logs/AssetImportWorker0.log
-srvPort
61985
Successfully changed project path to: /Users/albertofernandez/Unity/01-Primer/Primer
/Users/albertofernandez/Unity/01-Primer/Primer
Using Asset Import Pipeline V2.
Refreshing native plugins compatible for Editor in 65.68 ms, found 2 plugins.
Preloading 0 native plugins for Editor in 0.00 ms.
Initialize engine version: 2020.3.12f1 (b3b2c6512326)
[Subsystems] Discovering subsystems at path /Applications/Unity/Hub/Editor/2020.3.12f1/Unity.app/Contents/Resources/UnitySubsystems
[Subsystems] Discovering subsystems at path /Users/albertofernandez/Unity/01-Primer/Primer/Assets
GfxDevice: creating device client; threaded=0
2021-07-02 18:45:27.253 Unity[34116:869563] Color LCD preferred device: Intel(R) Iris(TM) Plus Graphics (low power)
2021-07-02 18:45:27.253 Unity[34116:869563] Metal devices available: 1
2021-07-02 18:45:27.253 Unity[34116:869563] 0: Intel(R) Iris(TM) Plus Graphics (low power)
2021-07-02 18:45:27.253 Unity[34116:869563] Using device Intel(R) Iris(TM) Plus Graphics (low power)
Initializing Metal device caps: Intel(R) Iris(TM) Plus Graphics
Initialize mono
Mono path[0] = '/Applications/Unity/Hub/Editor/2020.3.12f1/Unity.app/Contents/Managed'
Mono path[1] = '/Applications/Unity/Hub/Editor/2020.3.12f1/Unity.app/Contents/MonoBleedingEdge/lib/mono/unityjit'
Mono config path = '/Applications/Unity/Hub/Editor/2020.3.12f1/Unity.app/Contents/MonoBleedingEdge/etc'
Using monoOptions --debugger-agent=transport=dt_socket,embedding=1,server=y,suspend=n,address=127.0.0.1:56116
Begin MonoManager ReloadAssembly
Registering precompiled unity dll's ...
Register platform support module: /Applications/Unity/Hub/Editor/2020.3.12f1/PlaybackEngines/WebGLSupport/UnityEditor.WebGL.Extensions.dll
Register platform support module: /Applications/Unity/Hub/Editor/2020.3.12f1/Unity.app/Contents/PlaybackEngines/MacStandaloneSupport/UnityEditor.OSXStandalone.Extensions.dll
Registered in 0.000691 seconds.
Native extension for OSXStandalone target not found
Native extension for WebGL target not found
Refreshing native plugins compatible for Editor in 28.21 ms, found 2 plugins.
Preloading 0 native plugins for Editor in 0.00 ms.
Mono: successfully reloaded assembly
- Completed reload, in  2.116 seconds
Platform modules already initialized, skipping
Registering precompiled user dll's ...
Registered in 0.011938 seconds.
Begin MonoManager ReloadAssembly
Native extension for OSXStandalone target not found
Native extension for WebGL target not found
Refreshing native plugins compatible for Editor in 0.37 ms, found 2 plugins.
Preloading 0 native plugins for Editor in 0.00 ms.
Refreshing native plugins compatible for Editor in 0.35 ms, found 2 plugins.
Mono: successfully reloaded assembly
- Completed reload, in  1.181 seconds
Platform modules already initialized, skipping
========================================================================
Worker process is ready to serve import requests
Launching external process: /Applications/Unity/Hub/Editor/2020.3.12f1/Unity.app/Contents/Tools/UnityShaderCompiler
Launched and connected shader compiler UnityShaderCompiler after 0.01 seconds
Refreshing native plugins compatible for Editor in 0.43 ms, found 2 plugins.
Preloading 0 native plugins for Editor in 0.00 ms.
Unloading 1503 Unused Serialized files (Serialized files now loaded: 0)
System memory in use before: 136.1 MB.
System memory in use after: 136.2 MB.

Unloading 26 unused Assets to reduce memory usage. Loaded Objects now: 1934.
Total: 1.635336 ms (FindLiveObjects: 0.123939 ms CreateObjectMapping: 0.032048 ms MarkObjects: 1.388242 ms  DeleteObjects: 0.090277 ms)

AssetImportParameters requested are different than current active one (requested -> active):
  custom:video-decoder-ogg-theora: a1e56fd34408186e4bbccfd4996cb3dc -> 
  custom:container-muxer-webm: aa71ff27fc2769a1b78a27578f13a17b -> 
  custom:container-demuxer-webm: 4f35f7cbe854078d1ac9338744f61a02 -> 
  custom:container-demuxer-ogg: 62fdf1f143b41e24485cea50d1cbac27 -> 
  custom:video-encoder-webm-vp8: eb34c28f22e8b96e1ab97ce403110664 -> 
  custom:framework-osx-AVFoundation: e770b220cccbd017edd2c1fefb359320 -> 
  custom:video-decoder-webm-vp8: 9c59270c3fd7afecdb556c50c9e8de78 -> 
  custom:audio-decoder-ogg-vorbis: bf7c407c2cedff20999df2af8eb42d56 -> 
  custom:audio-encoder-webm-vorbis: bf7c407c2cedff20999df2af8eb42d56 -> 
========================================================================
Received Import Request.
  path: Packages/com.unity.package-manager-ui/package.json
  artifactKey: Guid(6d6f82a762acb4417b895d3babc790f9) Importer(815301076,1909f56bfc062723c751e8b465ee728b)
Start importing Packages/com.unity.package-manager-ui/package.json using Guid(6d6f82a762acb4417b895d3babc790f9) Importer(815301076,1909f56bfc062723c751e8b465ee728b)  -> (artifact id: '3874c183a3657b69e0a2399610a999bd') in 1.751884 seconds 
  Import took 1.755145 seconds .

========================================================================
Received Import Request.
  Time since last request: 46.704209 seconds.
  path: Packages/com.unity.package-manager-ui/Editor/Unity.PackageManagerUI.Editor.asmdef
  artifactKey: Guid(15a615c733aa240909fe0b28b0d5143c) Importer(815301076,1909f56bfc062723c751e8b465ee728b)
Start importing Packages/com.unity.package-manager-ui/Editor/Unity.PackageManagerUI.Editor.asmdef using Guid(15a615c733aa240909fe0b28b0d5143c) Importer(815301076,1909f56bfc062723c751e8b465ee728b)  -> (artifact id: '4d4fc351d93e6b526fef58c29f49a602') in 1.215514 seconds 
  Import took 1.219676 seconds .

========================================================================
Received Import Request.
  Time since last request: 16.072288 seconds.
  path: Packages/com.unity.package-manager-ui/Editor/AssemblyInfo.cs
  artifactKey: Guid(ca53a6f1e29564d528bb56b92e0f181c) Importer(815301076,1909f56bfc062723c751e8b465ee728b)
Start importing Packages/com.unity.package-manager-ui/Editor/AssemblyInfo.cs using Guid(ca53a6f1e29564d528bb56b92e0f181c) Importer(815301076,1909f56bfc062723c751e8b465ee728b)  -> (artifact id: '299743e7375d305e9f323b89b3ab9a1c') in 0.390261 seconds 
  Import took 0.393632 seconds .

========================================================================
Received Import Request.
  Time since last request: 3.315677 seconds.
  path: Packages/com.unity.package-manager-ui/CHANGELOG.md
  artifactKey: Guid(6277a751c6c9f46359fc7004b3ee12f0) Importer(815301076,1909f56bfc062723c751e8b465ee728b)
Start importing Packages/com.unity.package-manager-ui/CHANGELOG.md using Guid(6277a751c6c9f46359fc7004b3ee12f0) Importer(815301076,1909f56bfc062723c751e8b465ee728b)  -> (artifact id: '986185697a0e3572ae678ce952603f27') in 1.771380 seconds 
  Import took 1.775255 seconds .

========================================================================
Received Import Request.
  Time since last request: 11.593842 seconds.
  path: Packages/com.unity.package-manager-ui/Third Party Notices.md
  artifactKey: Guid(536c0048c80e8407084e29942e15685b) Importer(815301076,1909f56bfc062723c751e8b465ee728b)
Start importing Packages/com.unity.package-manager-ui/Third Party Notices.md using Guid(536c0048c80e8407084e29942e15685b) Importer(815301076,1909f56bfc062723c751e8b465ee728b)  -> (artifact id: '0598e8293e2bfa8d22789ef42b608528') in 0.004085 seconds 
  Import took 0.008576 seconds .

========================================================================
Received Import Request.
  Time since last request: 36.624134 seconds.
  path: Packages/com.unity.package-manager-ui/Tests
  artifactKey: Guid(ab866bd39382069418f5c179c1e1ab3e) Importer(815301076,1909f56bfc062723c751e8b465ee728b)
Start importing Packages/com.unity.package-manager-ui/Tests using Guid(ab866bd39382069418f5c179c1e1ab3e) Importer(815301076,1909f56bfc062723c751e8b465ee728b)  -> (artifact id: '9dfa2eaf0818dcb3e7f5b22e5573cdcb') in 0.002059 seconds 
  Import took 0.008444 seconds .

========================================================================
Received Import Request.
  Time since last request: 0.001199 seconds.
  path: Packages/com.unity.package-manager-ui/Tests
  artifactKey: Guid(ab866bd39382069418f5c179c1e1ab3e) Importer(815301076,1909f56bfc062723c751e8b465ee728b)
Start importing Packages/com.unity.package-manager-ui/Tests using Guid(ab866bd39382069418f5c179c1e1ab3e) Importer(815301076,1909f56bfc062723c751e8b465ee728b)  -> (artifact id: '9dfa2eaf0818dcb3e7f5b22e5573cdcb') in 0.001445 seconds 
  Import took 0.005523 seconds .

========================================================================
Received Import Request.
  Time since last request: 2.908466 seconds.
  path: Packages/com.unity.package-manager-ui/Tests/Editor
  artifactKey: Guid(bac185a28e198c1419b649ca946942ea) Importer(815301076,1909f56bfc062723c751e8b465ee728b)
Start importing Packages/com.unity.package-manager-ui/Tests/Editor using Guid(bac185a28e198c1419b649ca946942ea) Importer(815301076,1909f56bfc062723c751e8b465ee728b)  -> (artifact id: '2e2377dfbaa9c0ff2826fb5341708391') in 0.002252 seconds 
  Import took 0.006702 seconds .

========================================================================
Received Import Request.
  Time since last request: 0.001298 seconds.
  path: Packages/com.unity.package-manager-ui/Tests/Editor
  artifactKey: Guid(bac185a28e198c1419b649ca946942ea) Importer(815301076,1909f56bfc062723c751e8b465ee728b)
Start importing Packages/com.unity.package-manager-ui/Tests/Editor using Guid(bac185a28e198c1419b649ca946942ea) Importer(815301076,1909f56bfc062723c751e8b465ee728b)  -> (artifact id: '2e2377dfbaa9c0ff2826fb5341708391') in 0.001887 seconds 
  Import took 0.005609 seconds .

========================================================================
Received Import Request.
  Time since last request: 0.100959 seconds.
  path: Packages/com.unity.package-manager-ui/Tests/Editor/Unity.PackageManagerUI.EditorTests.asmdef
  artifactKey: Guid(5afb9687033af4bca957216add3fe854) Importer(815301076,1909f56bfc062723c751e8b465ee728b)
Start importing Packages/com.unity.package-manager-ui/Tests/Editor/Unity.PackageManagerUI.EditorTests.asmdef using Guid(5afb9687033af4bca957216add3fe854) Importer(815301076,1909f56bfc062723c751e8b465ee728b)  -> (artifact id: 'e337b1dce9acf26e344ba8498fd7d0ed') in 0.002837 seconds 
  Import took 0.007667 seconds .

========================================================================
Received Import Request.
  Time since last request: 3.151058 seconds.
  path: Packages/com.unity.package-manager-ui/Tests/Editor/UI
  artifactKey: Guid(7b87dac66d6e74d5f848d26f169bbe89) Importer(815301076,1909f56bfc062723c751e8b465ee728b)
Start importing Packages/com.unity.package-manager-ui/Tests/Editor/UI using Guid(7b87dac66d6e74d5f848d26f169bbe89) Importer(815301076,1909f56bfc062723c751e8b465ee728b)  -> (artifact id: '9c81397eae5ce720ea4013f863bd1207') in 0.001951 seconds 
  Import took 0.006848 seconds .

========================================================================
Received Import Request.
  Time since last request: 0.000704 seconds.
  path: Packages/com.unity.package-manager-ui/Tests/Editor/UI
  artifactKey: Guid(7b87dac66d6e74d5f848d26f169bbe89) Importer(815301076,1909f56bfc062723c751e8b465ee728b)
Start importing Packages/com.unity.package-manager-ui/Tests/Editor/UI using Guid(7b87dac66d6e74d5f848d26f169bbe89) Importer(815301076,1909f56bfc062723c751e8b465ee728b)  -> (artifact id: '9c81397eae5ce720ea4013f863bd1207') in 0.001533 seconds 
  Import took 0.005381 seconds .

========================================================================
Received Import Request.
  Time since last request: 1.556073 seconds.
  path: Packages/com.unity.package-manager-ui/Tests/Editor/UI/PackageManagerWindowTests.cs
  artifactKey: Guid(063b1587caa4a47f396741f4e69d108c) Importer(815301076,1909f56bfc062723c751e8b465ee728b)
Start importing Packages/com.unity.package-manager-ui/Tests/Editor/UI/PackageManagerWindowTests.cs using Guid(063b1587caa4a47f396741f4e69d108c) Importer(815301076,1909f56bfc062723c751e8b465ee728b)  -> (artifact id: 'f07f02694f5d2cf80d259b61596fd3a8') in 0.003345 seconds 
  Import took 0.008540 seconds .

========================================================================
Received Import Request.
  Time since last request: 0.001502 seconds.
  path: Packages/com.unity.package-manager-ui/Tests/Editor/UI/PackageManagerWindowTests.cs
  artifactKey: Guid(063b1587caa4a47f396741f4e69d108c) Importer(815301076,1909f56bfc062723c751e8b465ee728b)
Start importing Packages/com.unity.package-manager-ui/Tests/Editor/UI/PackageManagerWindowTests.cs using Guid(063b1587caa4a47f396741f4e69d108c) Importer(815301076,1909f56bfc062723c751e8b465ee728b)  -> (artifact id: 'f07f02694f5d2cf80d259b61596fd3a8') in 0.003134 seconds 
  Import took 0.008461 seconds .

========================================================================
Received Import Request.
  Time since last request: 33.069527 seconds.
  path: Packages/com.unity.package-manager-ui/Tests/Editor/UI/PackageDetailsTests.cs
  artifactKey: Guid(d028fbbad11524d13a069f495ddcf01c) Importer(815301076,1909f56bfc062723c751e8b465ee728b)
Start importing Packages/com.unity.package-manager-ui/Tests/Editor/UI/PackageDetailsTests.cs using Guid(d028fbbad11524d13a069f495ddcf01c) Importer(815301076,1909f56bfc062723c751e8b465ee728b)  -> (artifact id: 'eadf1c04bf66019ee9dc9abab8228215') in 0.002869 seconds 
  Import took 0.007918 seconds .

========================================================================
Received Import Request.
  Time since last request: 0.002120 seconds.
  path: Packages/com.unity.package-manager-ui/Tests/Editor/UI/PackageDetailsTests.cs
  artifactKey: Guid(d028fbbad11524d13a069f495ddcf01c) Importer(815301076,1909f56bfc062723c751e8b465ee728b)
Start importing Packages/com.unity.package-manager-ui/Tests/Editor/UI/PackageDetailsTests.cs using Guid(d028fbbad11524d13a069f495ddcf01c) Importer(815301076,1909f56bfc062723c751e8b465ee728b)  -> (artifact id: 'eadf1c04bf66019ee9dc9abab8228215') in 0.002113 seconds 
  Import took 0.007332 seconds .

